<?xml version="1.0" encoding="UTF-8"?>
<testsuite xmlns:xsi="http://www.w3.org/2001/XMLSchema-instance" xsi:noNamespaceSchemaLocation="https://maven.apache.org/surefire/maven-surefire-plugin/xsd/surefire-test-report.xsd" name="TxByAnnotationTest" time="0.895" tests="1" errors="1" skipped="0" failures="0">
  <properties>
    <property name="sun.desktop" value="windows"/>
    <property name="awt.toolkit" value="sun.awt.windows.WToolkit"/>
    <property name="file.encoding.pkg" value="sun.io"/>
    <property name="java.specification.version" value="1.8"/>
    <property name="sun.cpu.isalist" value="amd64"/>
    <property name="sun.jnu.encoding" value="GBK"/>
    <property name="java.class.path" value="C:\Users\86132\Desktop\新建文件夹\ssm\BOOK\target\test-classes;C:\Users\86132\Desktop\新建文件夹\ssm\BOOK\target\classes;C:\Users\86132\Desktop\HS\repo\org\springframework\spring-context\5.3.1\spring-context-5.3.1.jar;C:\Users\86132\Desktop\HS\repo\org\springframework\spring-aop\5.3.1\spring-aop-5.3.1.jar;C:\Users\86132\Desktop\HS\repo\org\springframework\spring-beans\5.3.1\spring-beans-5.3.1.jar;C:\Users\86132\Desktop\HS\repo\org\springframework\spring-core\5.3.1\spring-core-5.3.1.jar;C:\Users\86132\Desktop\HS\repo\org\springframework\spring-jcl\5.3.1\spring-jcl-5.3.1.jar;C:\Users\86132\Desktop\HS\repo\org\springframework\spring-expression\5.3.1\spring-expression-5.3.1.jar;C:\Users\86132\Desktop\HS\repo\org\springframework\spring-orm\5.3.1\spring-orm-5.3.1.jar;C:\Users\86132\Desktop\HS\repo\org\springframework\spring-jdbc\5.3.1\spring-jdbc-5.3.1.jar;C:\Users\86132\Desktop\HS\repo\org\springframework\spring-tx\5.3.1\spring-tx-5.3.1.jar;C:\Users\86132\Desktop\HS\repo\org\springframework\spring-test\5.3.1\spring-test-5.3.1.jar;C:\Users\86132\Desktop\HS\repo\junit\junit\4.12\junit-4.12.jar;C:\Users\86132\Desktop\HS\repo\org\hamcrest\hamcrest-core\1.3\hamcrest-core-1.3.jar;C:\Users\86132\Desktop\HS\repo\mysql\mysql-connector-java\8.0.16\mysql-connector-java-8.0.16.jar;C:\Users\86132\Desktop\HS\repo\com\google\protobuf\protobuf-java\3.6.1\protobuf-java-3.6.1.jar;C:\Users\86132\Desktop\HS\repo\com\alibaba\druid\1.0.31\druid-1.0.31.jar;C:\Program Files\Java\jdk1.8.0_91\jre\..\lib\jconsole.jar;C:\Program Files\Java\jdk1.8.0_91\jre\..\lib\tools.jar;C:\Users\86132\Desktop\HS\repo\com\github\pagehelper\pagehelper\5.3.2\pagehelper-5.3.2.jar;C:\Users\86132\Desktop\HS\repo\com\github\jsqlparser\jsqlparser\4.5\jsqlparser-4.5.jar;C:\Users\86132\Desktop\HS\repo\org\springframework\spring-web\5.2.9.RELEASE\spring-web-5.2.9.RELEASE.jar;C:\Users\86132\Desktop\HS\repo\org\springframework\spring-webmvc\5.2.9.RELEASE\spring-webmvc-5.2.9.RELEASE.jar;C:\Users\86132\Desktop\HS\repo\org\mybatis\mybatis\3.5.5\mybatis-3.5.5.jar;C:\Users\86132\Desktop\HS\repo\org\mybatis\mybatis-spring\2.0.5\mybatis-spring-2.0.5.jar;C:\Users\86132\Desktop\HS\repo\org\springframework\spring-aspects\5.2.9.RELEASE\spring-aspects-5.2.9.RELEASE.jar;C:\Users\86132\Desktop\HS\repo\org\aspectj\aspectjweaver\1.9.6\aspectjweaver-1.9.6.jar;C:\Users\86132\Desktop\HS\repo\commons-dbcp\commons-dbcp\1.2.2\commons-dbcp-1.2.2.jar;C:\Users\86132\Desktop\HS\repo\commons-pool\commons-pool\1.5.4\commons-pool-1.5.4.jar;C:\Users\86132\Desktop\HS\repo\javax\servlet\jsp\jstl\jstl-api\1.2\jstl-api-1.2.jar;C:\Users\86132\Desktop\HS\repo\javax\servlet\servlet-api\2.5\servlet-api-2.5.jar;C:\Users\86132\Desktop\HS\repo\javax\servlet\jsp\jsp-api\2.1\jsp-api-2.1.jar;C:\Users\86132\Desktop\HS\repo\taglibs\standard\1.1.2\standard-1.1.2.jar;C:\Users\86132\Desktop\HS\repo\commons-fileupload\commons-fileupload\1.2.1\commons-fileupload-1.2.1.jar;C:\Users\86132\Desktop\HS\repo\commons-io\commons-io\2.4\commons-io-2.4.jar;C:\Users\86132\Desktop\HS\repo\org\projectlombok\lombok\1.18.12\lombok-1.18.12.jar;C:\Users\86132\Desktop\HS\repo\com\fasterxml\jackson\core\jackson-core\2.13.2\jackson-core-2.13.2.jar;C:\Users\86132\Desktop\HS\repo\com\fasterxml\jackson\core\jackson-annotations\2.13.2\jackson-annotations-2.13.2.jar;C:\Users\86132\Desktop\HS\repo\com\fasterxml\jackson\core\jackson-databind\2.13.2.1\jackson-databind-2.13.2.1.jar;"/>
    <property name="java.vm.vendor" value="Oracle Corporation"/>
    <property name="sun.arch.data.model" value="64"/>
    <property name="user.variant" value=""/>
    <property name="java.vendor.url" value="http://java.oracle.com/"/>
    <property name="user.timezone" value="Asia/Shanghai"/>
    <property name="java.vm.specification.version" value="1.8"/>
    <property name="os.name" value="Windows 10"/>
    <property name="user.country" value="CN"/>
    <property name="sun.java.launcher" value="SUN_STANDARD"/>
    <property name="sun.boot.library.path" value="C:\Program Files\Java\jdk1.8.0_91\jre\bin"/>
    <property name="sun.java.command" value="C:\Users\86132\AppData\Local\Temp\surefire7147383321577837921\surefirebooter3155508862314712115.jar C:\Users\86132\AppData\Local\Temp\surefire7147383321577837921 2023-10-09T07-31-14_061-jvmRun1 surefire7132504679813477248tmp surefire_03614215898678154692tmp"/>
    <property name="surefire.test.class.path" value="C:\Users\86132\Desktop\新建文件夹\ssm\BOOK\target\test-classes;C:\Users\86132\Desktop\新建文件夹\ssm\BOOK\target\classes;C:\Users\86132\Desktop\HS\repo\org\springframework\spring-context\5.3.1\spring-context-5.3.1.jar;C:\Users\86132\Desktop\HS\repo\org\springframework\spring-aop\5.3.1\spring-aop-5.3.1.jar;C:\Users\86132\Desktop\HS\repo\org\springframework\spring-beans\5.3.1\spring-beans-5.3.1.jar;C:\Users\86132\Desktop\HS\repo\org\springframework\spring-core\5.3.1\spring-core-5.3.1.jar;C:\Users\86132\Desktop\HS\repo\org\springframework\spring-jcl\5.3.1\spring-jcl-5.3.1.jar;C:\Users\86132\Desktop\HS\repo\org\springframework\spring-expression\5.3.1\spring-expression-5.3.1.jar;C:\Users\86132\Desktop\HS\repo\org\springframework\spring-orm\5.3.1\spring-orm-5.3.1.jar;C:\Users\86132\Desktop\HS\repo\org\springframework\spring-jdbc\5.3.1\spring-jdbc-5.3.1.jar;C:\Users\86132\Desktop\HS\repo\org\springframework\spring-tx\5.3.1\spring-tx-5.3.1.jar;C:\Users\86132\Desktop\HS\repo\org\springframework\spring-test\5.3.1\spring-test-5.3.1.jar;C:\Users\86132\Desktop\HS\repo\junit\junit\4.12\junit-4.12.jar;C:\Users\86132\Desktop\HS\repo\org\hamcrest\hamcrest-core\1.3\hamcrest-core-1.3.jar;C:\Users\86132\Desktop\HS\repo\mysql\mysql-connector-java\8.0.16\mysql-connector-java-8.0.16.jar;C:\Users\86132\Desktop\HS\repo\com\google\protobuf\protobuf-java\3.6.1\protobuf-java-3.6.1.jar;C:\Users\86132\Desktop\HS\repo\com\alibaba\druid\1.0.31\druid-1.0.31.jar;C:\Program Files\Java\jdk1.8.0_91\jre\..\lib\jconsole.jar;C:\Program Files\Java\jdk1.8.0_91\jre\..\lib\tools.jar;C:\Users\86132\Desktop\HS\repo\com\github\pagehelper\pagehelper\5.3.2\pagehelper-5.3.2.jar;C:\Users\86132\Desktop\HS\repo\com\github\jsqlparser\jsqlparser\4.5\jsqlparser-4.5.jar;C:\Users\86132\Desktop\HS\repo\org\springframework\spring-web\5.2.9.RELEASE\spring-web-5.2.9.RELEASE.jar;C:\Users\86132\Desktop\HS\repo\org\springframework\spring-webmvc\5.2.9.RELEASE\spring-webmvc-5.2.9.RELEASE.jar;C:\Users\86132\Desktop\HS\repo\org\mybatis\mybatis\3.5.5\mybatis-3.5.5.jar;C:\Users\86132\Desktop\HS\repo\org\mybatis\mybatis-spring\2.0.5\mybatis-spring-2.0.5.jar;C:\Users\86132\Desktop\HS\repo\org\springframework\spring-aspects\5.2.9.RELEASE\spring-aspects-5.2.9.RELEASE.jar;C:\Users\86132\Desktop\HS\repo\org\aspectj\aspectjweaver\1.9.6\aspectjweaver-1.9.6.jar;C:\Users\86132\Desktop\HS\repo\commons-dbcp\commons-dbcp\1.2.2\commons-dbcp-1.2.2.jar;C:\Users\86132\Desktop\HS\repo\commons-pool\commons-pool\1.5.4\commons-pool-1.5.4.jar;C:\Users\86132\Desktop\HS\repo\javax\servlet\jsp\jstl\jstl-api\1.2\jstl-api-1.2.jar;C:\Users\86132\Desktop\HS\repo\javax\servlet\servlet-api\2.5\servlet-api-2.5.jar;C:\Users\86132\Desktop\HS\repo\javax\servlet\jsp\jsp-api\2.1\jsp-api-2.1.jar;C:\Users\86132\Desktop\HS\repo\taglibs\standard\1.1.2\standard-1.1.2.jar;C:\Users\86132\Desktop\HS\repo\commons-fileupload\commons-fileupload\1.2.1\commons-fileupload-1.2.1.jar;C:\Users\86132\Desktop\HS\repo\commons-io\commons-io\2.4\commons-io-2.4.jar;C:\Users\86132\Desktop\HS\repo\org\projectlombok\lombok\1.18.12\lombok-1.18.12.jar;C:\Users\86132\Desktop\HS\repo\com\fasterxml\jackson\core\jackson-core\2.13.2\jackson-core-2.13.2.jar;C:\Users\86132\Desktop\HS\repo\com\fasterxml\jackson\core\jackson-annotations\2.13.2\jackson-annotations-2.13.2.jar;C:\Users\86132\Desktop\HS\repo\com\fasterxml\jackson\core\jackson-databind\2.13.2.1\jackson-databind-2.13.2.1.jar;"/>
    <property name="sun.cpu.endian" value="little"/>
    <property name="user.home" value="C:\Users\86132"/>
    <property name="user.language" value="zh"/>
    <property name="java.specification.vendor" value="Oracle Corporation"/>
    <property name="java.home" value="C:\Program Files\Java\jdk1.8.0_91\jre"/>
    <property name="basedir" value="C:\Users\86132\Desktop\新建文件夹\ssm\BOOK"/>
    <property name="file.separator" value="\"/>
    <property name="line.separator" value="&#10;"/>
    <property name="java.vm.specification.vendor" value="Oracle Corporation"/>
    <property name="java.specification.name" value="Java Platform API Specification"/>
    <property name="java.awt.graphicsenv" value="sun.awt.Win32GraphicsEnvironment"/>
    <property name="surefire.real.class.path" value="C:\Users\86132\AppData\Local\Temp\surefire7147383321577837921\surefirebooter3155508862314712115.jar"/>
    <property name="sun.boot.class.path" value="C:\Program Files\Java\jdk1.8.0_91\jre\lib\resources.jar;C:\Program Files\Java\jdk1.8.0_91\jre\lib\rt.jar;C:\Program Files\Java\jdk1.8.0_91\jre\lib\sunrsasign.jar;C:\Program Files\Java\jdk1.8.0_91\jre\lib\jsse.jar;C:\Program Files\Java\jdk1.8.0_91\jre\lib\jce.jar;C:\Program Files\Java\jdk1.8.0_91\jre\lib\charsets.jar;C:\Program Files\Java\jdk1.8.0_91\jre\lib\jfr.jar;C:\Program Files\Java\jdk1.8.0_91\jre\classes"/>
    <property name="user.script" value=""/>
    <property name="sun.management.compiler" value="HotSpot 64-Bit Tiered Compilers"/>
    <property name="java.runtime.version" value="1.8.0_91-b14"/>
    <property name="user.name" value="86132"/>
    <property name="path.separator" value=";"/>
    <property name="os.version" value="10.0"/>
    <property name="java.endorsed.dirs" value="C:\Program Files\Java\jdk1.8.0_91\jre\lib\endorsed"/>
    <property name="java.runtime.name" value="Java(TM) SE Runtime Environment"/>
    <property name="file.encoding" value="GBK"/>
    <property name="java.vm.name" value="Java HotSpot(TM) 64-Bit Server VM"/>
    <property name="localRepository" value="C:\Users\86132\Desktop\HS\repo"/>
    <property name="java.vendor.url.bug" value="http://bugreport.sun.com/bugreport/"/>
    <property name="java.io.tmpdir" value="C:\Users\86132\AppData\Local\Temp\"/>
    <property name="java.version" value="1.8.0_91"/>
    <property name="user.dir" value="C:\Users\86132\Desktop\新建文件夹\ssm\BOOK"/>
    <property name="os.arch" value="amd64"/>
    <property name="java.vm.specification.name" value="Java Virtual Machine Specification"/>
    <property name="java.awt.printerjob" value="sun.awt.windows.WPrinterJob"/>
    <property name="sun.os.patch.level" value=""/>
    <property name="idea.version2019.1" value="true"/>
    <property name="java.library.path" value="C:\Program Files\Java\jdk1.8.0_91\jre\bin;C:\WINDOWS\Sun\Java\bin;C:\WINDOWS\system32;C:\WINDOWS;C:\Program Files (x86)\VMware\VMware Workstation\bin\;C:\Program Files\Common Files\Oracle\Java\javapath;C:\Windows\system32;C:\Windows;C:\Windows\System32\Wbem;C:\Windows\System32\WindowsPowerShell\v1.0\;C:\Windows\System32\OpenSSH\;C:\Program Files\NVIDIA Corporation\NVIDIA NvDLISR;C:\WINDOWS\system32;C:\WINDOWS;C:\WINDOWS\System32\Wbem;C:\WINDOWS\System32\WindowsPowerShell\v1.0\;C:\WINDOWS\System32\OpenSSH\;%MYCQL_HOME%\bin;C:\Program Files\Git\cmd;C:\Program Files (x86)\NVIDIA Corporation\PhysX\Common;C:\Program Files (x86)\Tencent\微信web开发者工具\dll;C:\Program Files\nodejs\;C:\Program Files\Microsoft SQL Server\Client SDK\ODBC\170\Tools\Binn\;C:\Program Files\dotnet\;C:\Program Files (x86)\Microsoft SQL Server\160\Tools\Binn\;C:\Program Files\Microsoft SQL Server\160\Tools\Binn\;C:\Program Files\Microsoft SQL Server\160\DTS\Binn\;C:\Program Files\Java\jdk1.8.0_91\bin;C:\Users\86132\Desktop\HS\apache-maven-3.3.9\bin;C:\Users\86132\AppData\Local\Microsoft\WindowsApps;C:\Users\86132\AppData\Local\Programs\Microsoft VS Code\bin;C:\wx\5.1\miniprogram-1\服务端;C:\wx\5.1\miniprogram-1\node_modules;C:\Users\86132\AppData\Roaming\npm;C:\Users\86132\.dotnet\tools;C:\Program Files\JetBrains\IntelliJ IDEA 2019.1\bin;;."/>
    <property name="java.vm.info" value="mixed mode"/>
    <property name="java.vendor" value="Oracle Corporation"/>
    <property name="java.vm.version" value="25.91-b14"/>
    <property name="java.ext.dirs" value="C:\Program Files\Java\jdk1.8.0_91\jre\lib\ext;C:\WINDOWS\Sun\Java\lib\ext"/>
    <property name="sun.io.unicode.encoding" value="UnicodeLittle"/>
    <property name="java.class.version" value="52.0"/>
  </properties>
  <testcase name="testBuyBook" classname="TxByAnnotationTest" time="0.001">
    <error message="Error creating bean with name &apos;TxByAnnotationTest&apos;: Unsatisfied dependency expressed through field &apos;bookController&apos;; nested exception is org.springframework.beans.factory.NoSuchBeanDefinitionException: No qualifying bean of type &apos;com.gec.controller.BookController&apos; available: expected at least 1 bean which qualifies as autowire candidate. Dependency annotations: {@org.springframework.beans.factory.annotation.Autowired(required=true)}" type="org.springframework.beans.factory.UnsatisfiedDependencyException">org.springframework.beans.factory.UnsatisfiedDependencyException: Error creating bean with name 'TxByAnnotationTest': Unsatisfied dependency expressed through field 'bookController'; nested exception is org.springframework.beans.factory.NoSuchBeanDefinitionException: No qualifying bean of type 'com.gec.controller.BookController' available: expected at least 1 bean which qualifies as autowire candidate. Dependency annotations: {@org.springframework.beans.factory.annotation.Autowired(required=true)}
Caused by: org.springframework.beans.factory.NoSuchBeanDefinitionException: No qualifying bean of type 'com.gec.controller.BookController' available: expected at least 1 bean which qualifies as autowire candidate. Dependency annotations: {@org.springframework.beans.factory.annotation.Autowired(required=true)}
</error>
    <system-err><![CDATA[十月 09, 2023 7:31:17 上午 org.springframework.test.context.support.AbstractTestContextBootstrapper getDefaultTestExecutionListenerClassNames
信息: Loaded default TestExecutionListener class names from location [META-INF/spring.factories]: [org.springframework.test.context.web.ServletTestExecutionListener, org.springframework.test.context.support.DirtiesContextBeforeModesTestExecutionListener, org.springframework.test.context.support.DependencyInjectionTestExecutionListener, org.springframework.test.context.support.DirtiesContextTestExecutionListener, org.springframework.test.context.transaction.TransactionalTestExecutionListener, org.springframework.test.context.jdbc.SqlScriptsTestExecutionListener, org.springframework.test.context.event.EventPublishingTestExecutionListener]
十月 09, 2023 7:31:17 上午 org.springframework.test.context.support.AbstractTestContextBootstrapper getTestExecutionListeners
信息: Using TestExecutionListeners: [org.springframework.test.context.web.ServletTestExecutionListener@587d1d39, org.springframework.test.context.support.DirtiesContextBeforeModesTestExecutionListener@58c1670b, org.springframework.test.context.support.DependencyInjectionTestExecutionListener@6b57696f, org.springframework.test.context.support.DirtiesContextTestExecutionListener@5bb21b69, org.springframework.test.context.transaction.TransactionalTestExecutionListener@6b9651f3, org.springframework.test.context.jdbc.SqlScriptsTestExecutionListener@38bc8ab5, org.springframework.test.context.event.EventPublishingTestExecutionListener@687080dc]
十月 09, 2023 7:31:17 上午 org.springframework.test.context.TestContextManager prepareTestInstance
严重: Caught exception while allowing TestExecutionListener [org.springframework.test.context.support.DependencyInjectionTestExecutionListener@6b57696f] to prepare test instance [TxByAnnotationTest@1649b0e6]
org.springframework.beans.factory.UnsatisfiedDependencyException: Error creating bean with name 'TxByAnnotationTest': Unsatisfied dependency expressed through field 'bookController'; nested exception is org.springframework.beans.factory.NoSuchBeanDefinitionException: No qualifying bean of type 'com.gec.controller.BookController' available: expected at least 1 bean which qualifies as autowire candidate. Dependency annotations: {@org.springframework.beans.factory.annotation.Autowired(required=true)}
	at org.springframework.beans.factory.annotation.AutowiredAnnotationBeanPostProcessor$AutowiredFieldElement.inject(AutowiredAnnotationBeanPostProcessor.java:643)
	at org.springframework.beans.factory.annotation.InjectionMetadata.inject(InjectionMetadata.java:119)
	at org.springframework.beans.factory.annotation.AutowiredAnnotationBeanPostProcessor.postProcessProperties(AutowiredAnnotationBeanPostProcessor.java:399)
	at org.springframework.beans.factory.support.AbstractAutowireCapableBeanFactory.populateBean(AbstractAutowireCapableBeanFactory.java:1415)
	at org.springframework.beans.factory.support.AbstractAutowireCapableBeanFactory.autowireBeanProperties(AbstractAutowireCapableBeanFactory.java:406)
	at org.springframework.test.context.support.DependencyInjectionTestExecutionListener.injectDependencies(DependencyInjectionTestExecutionListener.java:119)
	at org.springframework.test.context.support.DependencyInjectionTestExecutionListener.prepareTestInstance(DependencyInjectionTestExecutionListener.java:83)
	at org.springframework.test.context.TestContextManager.prepareTestInstance(TestContextManager.java:244)
	at org.springframework.test.context.junit4.SpringJUnit4ClassRunner.createTest(SpringJUnit4ClassRunner.java:227)
	at org.springframework.test.context.junit4.SpringJUnit4ClassRunner$1.runReflectiveCall(SpringJUnit4ClassRunner.java:289)
	at org.junit.internal.runners.model.ReflectiveCallable.run(ReflectiveCallable.java:12)
	at org.springframework.test.context.junit4.SpringJUnit4ClassRunner.methodBlock(SpringJUnit4ClassRunner.java:291)
	at org.springframework.test.context.junit4.SpringJUnit4ClassRunner.runChild(SpringJUnit4ClassRunner.java:246)
	at org.springframework.test.context.junit4.SpringJUnit4ClassRunner.runChild(SpringJUnit4ClassRunner.java:97)
	at org.junit.runners.ParentRunner$3.run(ParentRunner.java:290)
	at org.junit.runners.ParentRunner$1.schedule(ParentRunner.java:71)
	at org.junit.runners.ParentRunner.runChildren(ParentRunner.java:288)
	at org.junit.runners.ParentRunner.access$000(ParentRunner.java:58)
	at org.junit.runners.ParentRunner$2.evaluate(ParentRunner.java:268)
	at org.springframework.test.context.junit4.statements.RunBeforeTestClassCallbacks.evaluate(RunBeforeTestClassCallbacks.java:61)
	at org.springframework.test.context.junit4.statements.RunAfterTestClassCallbacks.evaluate(RunAfterTestClassCallbacks.java:70)
	at org.junit.runners.ParentRunner.run(ParentRunner.java:363)
	at org.springframework.test.context.junit4.SpringJUnit4ClassRunner.run(SpringJUnit4ClassRunner.java:190)
	at org.apache.maven.surefire.junit4.JUnit4Provider.execute(JUnit4Provider.java:365)
	at org.apache.maven.surefire.junit4.JUnit4Provider.executeWithRerun(JUnit4Provider.java:273)
	at org.apache.maven.surefire.junit4.JUnit4Provider.executeTestSet(JUnit4Provider.java:238)
	at org.apache.maven.surefire.junit4.JUnit4Provider.invoke(JUnit4Provider.java:159)
	at org.apache.maven.surefire.booter.ForkedBooter.invokeProviderInSameClassLoader(ForkedBooter.java:384)
	at org.apache.maven.surefire.booter.ForkedBooter.runSuitesInProcess(ForkedBooter.java:345)
	at org.apache.maven.surefire.booter.ForkedBooter.execute(ForkedBooter.java:126)
	at org.apache.maven.surefire.booter.ForkedBooter.main(ForkedBooter.java:418)
Caused by: org.springframework.beans.factory.NoSuchBeanDefinitionException: No qualifying bean of type 'com.gec.controller.BookController' available: expected at least 1 bean which qualifies as autowire candidate. Dependency annotations: {@org.springframework.beans.factory.annotation.Autowired(required=true)}
	at org.springframework.beans.factory.support.DefaultListableBeanFactory.raiseNoMatchingBeanFound(DefaultListableBeanFactory.java:1777)
	at org.springframework.beans.factory.support.DefaultListableBeanFactory.doResolveDependency(DefaultListableBeanFactory.java:1333)
	at org.springframework.beans.factory.support.DefaultListableBeanFactory.resolveDependency(DefaultListableBeanFactory.java:1287)
	at org.springframework.beans.factory.annotation.AutowiredAnnotationBeanPostProcessor$AutowiredFieldElement.inject(AutowiredAnnotationBeanPostProcessor.java:640)
	... 30 more

]]></system-err>
  </testcase>
</testsuite>